<?xml version="1.0" encoding="UTF-8"?>
<testng-results ignored="0" total="8" passed="8" failed="0" skipped="0">
  <reporter-output>
  </reporter-output>
  <suite started-at="2022-03-02T09:02:45 IST" name="Suite" finished-at="2022-03-02T09:04:08 IST" duration-ms="83331">
    <groups>
    </groups>
    <test started-at="2022-03-02T09:02:45 IST" name="Test" finished-at="2022-03-02T09:02:58 IST" duration-ms="13454">
      <class name="HomePage">
        <test-method is-config="true" signature="beforetest()[pri:0, instance:HomePage@795509d9]" started-at="2022-03-02T09:02:45 IST" name="beforetest" finished-at="2022-03-02T09:02:54 IST" duration-ms="8625" status="PASS">
          <reporter-output>
          </reporter-output>
        </test-method> <!-- beforetest -->
        <test-method signature="test1()[pri:0, instance:HomePage@795509d9]" started-at="2022-03-02T09:02:54 IST" name="test1" finished-at="2022-03-02T09:02:58 IST" duration-ms="4589" status="PASS">
          <reporter-output>
          </reporter-output>
        </test-method> <!-- test1 -->
        <test-method is-config="true" signature="aftertest()[pri:0, instance:HomePage@795509d9]" started-at="2022-03-02T09:02:58 IST" name="aftertest" finished-at="2022-03-02T09:02:58 IST" duration-ms="174" status="PASS">
          <reporter-output>
          </reporter-output>
        </test-method> <!-- aftertest -->
      </class> <!-- HomePage -->
    </test> <!-- Test -->
    <test started-at="2022-03-02T09:02:59 IST" name="Test1" finished-at="2022-03-02T09:03:07 IST" duration-ms="8427">
      <class name="ContactPage">
        <test-method is-config="true" signature="beforetest()[pri:0, instance:ContactPage@3e08ff24]" started-at="2022-03-02T09:02:59 IST" name="beforetest" finished-at="2022-03-02T09:03:06 IST" duration-ms="7114" status="PASS">
          <reporter-output>
          </reporter-output>
        </test-method> <!-- beforetest -->
        <test-method signature="testmethod1()[pri:0, instance:ContactPage@3e08ff24]" started-at="2022-03-02T09:03:06 IST" name="testmethod1" finished-at="2022-03-02T09:03:07 IST" duration-ms="1163" status="PASS">
          <reporter-output>
          </reporter-output>
        </test-method> <!-- testmethod1 -->
        <test-method is-config="true" signature="aftertest()[pri:0, instance:ContactPage@3e08ff24]" started-at="2022-03-02T09:03:07 IST" name="aftertest" finished-at="2022-03-02T09:03:07 IST" duration-ms="145" status="PASS">
          <reporter-output>
          </reporter-output>
        </test-method> <!-- aftertest -->
      </class> <!-- ContactPage -->
    </test> <!-- Test1 -->
    <test started-at="2022-03-02T09:03:07 IST" name="Test2" finished-at="2022-03-02T09:03:20 IST" duration-ms="13134">
      <class name="SignupPage">
        <test-method is-config="true" signature="beforetest()[pri:0, instance:SignupPage@59402b8f]" started-at="2022-03-02T09:03:07 IST" name="beforetest" finished-at="2022-03-02T09:03:14 IST" duration-ms="7317" status="PASS">
          <reporter-output>
          </reporter-output>
        </test-method> <!-- beforetest -->
        <test-method signature="test()[pri:1, instance:SignupPage@59402b8f]" started-at="2022-03-02T09:03:14 IST" name="test" finished-at="2022-03-02T09:03:17 IST" duration-ms="2216" status="PASS">
          <reporter-output>
          </reporter-output>
        </test-method> <!-- test -->
        <test-method signature="test1()[pri:2, instance:SignupPage@59402b8f]" started-at="2022-03-02T09:03:17 IST" name="test1" finished-at="2022-03-02T09:03:20 IST" duration-ms="3427" status="PASS">
          <reporter-output>
          </reporter-output>
        </test-method> <!-- test1 -->
        <test-method is-config="true" signature="aftertest()[pri:0, instance:SignupPage@59402b8f]" started-at="2022-03-02T09:03:20 IST" name="aftertest" finished-at="2022-03-02T09:03:20 IST" duration-ms="163" status="PASS">
          <reporter-output>
          </reporter-output>
        </test-method> <!-- aftertest -->
      </class> <!-- SignupPage -->
    </test> <!-- Test2 -->
    <test started-at="2022-03-02T09:03:20 IST" name="Test3" finished-at="2022-03-02T09:03:34 IST" duration-ms="13340">
      <class name="LoginPage">
        <test-method is-config="true" signature="beforetest()[pri:0, instance:LoginPage@609e8838]" started-at="2022-03-02T09:03:20 IST" name="beforetest" finished-at="2022-03-02T09:03:28 IST" duration-ms="8014" status="PASS">
          <reporter-output>
          </reporter-output>
        </test-method> <!-- beforetest -->
        <test-method signature="test()[pri:0, instance:LoginPage@609e8838]" started-at="2022-03-02T09:03:28 IST" name="test" finished-at="2022-03-02T09:03:30 IST" duration-ms="1793" status="PASS">
          <reporter-output>
          </reporter-output>
        </test-method> <!-- test -->
        <test-method signature="test1()[pri:0, instance:LoginPage@609e8838]" started-at="2022-03-02T09:03:30 IST" name="test1" finished-at="2022-03-02T09:03:33 IST" duration-ms="3363" status="PASS">
          <reporter-output>
          </reporter-output>
        </test-method> <!-- test1 -->
        <test-method is-config="true" signature="aftertest()[pri:0, instance:LoginPage@609e8838]" started-at="2022-03-02T09:03:33 IST" name="aftertest" finished-at="2022-03-02T09:03:34 IST" duration-ms="162" status="PASS">
          <reporter-output>
          </reporter-output>
        </test-method> <!-- aftertest -->
      </class> <!-- LoginPage -->
    </test> <!-- Test3 -->
    <test started-at="2022-03-02T09:03:34 IST" name="Test4" finished-at="2022-03-02T09:03:53 IST" duration-ms="18954">
      <class name="CartPage">
        <test-method is-config="true" signature="beforetest()[pri:0, instance:CartPage@19932c16]" started-at="2022-03-02T09:03:34 IST" name="beforetest" finished-at="2022-03-02T09:03:40 IST" duration-ms="6703" status="PASS">
          <reporter-output>
          </reporter-output>
        </test-method> <!-- beforetest -->
        <test-method signature="test()[pri:0, instance:CartPage@19932c16]" started-at="2022-03-02T09:03:40 IST" name="test" finished-at="2022-03-02T09:03:52 IST" duration-ms="11986" status="PASS">
          <reporter-output>
          </reporter-output>
        </test-method> <!-- test -->
        <test-method is-config="true" signature="aftertest()[pri:0, instance:CartPage@19932c16]" started-at="2022-03-02T09:03:52 IST" name="aftertest" finished-at="2022-03-02T09:03:53 IST" duration-ms="259" status="PASS">
          <reporter-output>
          </reporter-output>
        </test-method> <!-- aftertest -->
      </class> <!-- CartPage -->
    </test> <!-- Test4 -->
    <test started-at="2022-03-02T09:03:53 IST" name="Test5" finished-at="2022-03-02T09:04:08 IST" duration-ms="15676">
      <class name="Logout">
        <test-method is-config="true" signature="beforetest()[pri:0, instance:Logout@1040be71]" started-at="2022-03-02T09:03:53 IST" name="beforetest" finished-at="2022-03-02T09:04:01 IST" duration-ms="8219" status="PASS">
          <reporter-output>
          </reporter-output>
        </test-method> <!-- beforetest -->
        <test-method signature="test()[pri:0, instance:Logout@1040be71]" started-at="2022-03-02T09:04:01 IST" name="test" finished-at="2022-03-02T09:04:08 IST" duration-ms="7257" status="PASS">
          <reporter-output>
          </reporter-output>
        </test-method> <!-- test -->
        <test-method is-config="true" signature="aftertest()[pri:0, instance:Logout@1040be71]" started-at="2022-03-02T09:04:08 IST" name="aftertest" finished-at="2022-03-02T09:04:08 IST" duration-ms="195" status="PASS">
          <reporter-output>
          </reporter-output>
        </test-method> <!-- aftertest -->
      </class> <!-- Logout -->
    </test> <!-- Test5 -->
  </suite> <!-- Suite -->
</testng-results>
